<?xml version="1.0" encoding="UTF-8"?>
<!-- Generated by org.testng.reporters.JUnitXMLReporter -->
<testsuite ignored="0" hostname="DESKTOP-AL4SBLA" failures="0" tests="3" name="Default test" time="0.325" errors="0" timestamp="2023-02-20T02:10:50 IST">
  <testcase classname="com.TestNG.VerifyBecomeSeller" name="@BeforeTest launchBrowser" time="-1.676839250255E9">
    <failure type="org.testng.TestNGException" message="
Parameter &amp;apos;browser&amp;apos; is required by BeforeTest on method launchBrowser but has not been marked @Optional or defined
in C:\Users\C zone\AppData\Local\Temp\testng-eclipse-547598560\testng-customsuite.xml">
      <![CDATA[org.testng.TestNGException: 
Parameter 'browser' is required by BeforeTest on method launchBrowser but has not been marked @Optional or defined
in C:\Users\C zone\AppData\Local\Temp\testng-eclipse-547598560\testng-customsuite.xml
at org.testng.internal.Parameters.createParams(Parameters.java:270)
at org.testng.internal.Parameters.createParametersForMethod(Parameters.java:358)
at org.testng.internal.Parameters.createParameters(Parameters.java:700)
at org.testng.internal.Parameters.createConfigurationParameters(Parameters.java:168)
at org.testng.internal.ConfigInvoker.invokeConfigurations(ConfigInvoker.java:302)
at org.testng.TestRunner.invokeTestConfigurations(TestRunner.java:637)
at org.testng.TestRunner.beforeRun(TestRunner.java:627)
at org.testng.TestRunner.run(TestRunner.java:589)
at org.testng.SuiteRunner.runTest(SuiteRunner.java:377)
at org.testng.SuiteRunner.runSequentially(SuiteRunner.java:371)
at org.testng.SuiteRunner.privateRun(SuiteRunner.java:332)
at org.testng.SuiteRunner.run(SuiteRunner.java:276)
at org.testng.SuiteRunnerWorker.runSuite(SuiteRunnerWorker.java:53)
at org.testng.SuiteRunnerWorker.run(SuiteRunnerWorker.java:96)
at org.testng.TestNG.runSuitesSequentially(TestNG.java:1212)
at org.testng.TestNG.runSuitesLocally(TestNG.java:1134)
at org.testng.TestNG.runSuites(TestNG.java:1063)
at org.testng.TestNG.run(TestNG.java:1031)
at org.testng.remote.AbstractRemoteTestNG.run(AbstractRemoteTestNG.java:115)
at org.testng.remote.RemoteTestNG.initAndRun(RemoteTestNG.java:251)
at org.testng.remote.RemoteTestNG.main(RemoteTestNG.java:77)
]]>
    </failure>
  </testcase> <!-- @BeforeTest launchBrowser -->
  <testcase classname="com.TestNG.VerifyBecomeSeller" name="@BeforeClass initializePomClasses" time="-1.676839250378E9">
    <skipped/>
  </testcase> <!-- @BeforeClass initializePomClasses -->
  <testcase classname="com.TestNG.VerifyBecomeSeller" name="@BeforeMethod launchWebsite" time="-1.676839250457E9">
    <skipped/>
  </testcase> <!-- @BeforeMethod launchWebsite -->
  <testcase classname="com.TestNG.VerifyBecomeSeller" name="@AfterMethod goToMainPage" time="-1.676839250481E9">
    <skipped/>
  </testcase> <!-- @AfterMethod goToMainPage -->
  <testcase classname="com.TestNG.VerifyBecomeSeller" name="@BeforeMethod launchWebsite" time="-1.676839250513E9">
    <skipped/>
  </testcase> <!-- @BeforeMethod launchWebsite -->
  <testcase classname="com.TestNG.VerifyBecomeSeller" name="@AfterMethod goToMainPage" time="-1.676839250532E9">
    <skipped/>
  </testcase> <!-- @AfterMethod goToMainPage -->
  <testcase classname="com.TestNG.VerifyBecomeSeller" name="@BeforeMethod launchWebsite" time="-1.676839250536E9">
    <skipped/>
  </testcase> <!-- @BeforeMethod launchWebsite -->
  <testcase classname="com.TestNG.VerifyBecomeSeller" name="@AfterMethod goToMainPage" time="-1.676839250544E9">
    <skipped/>
  </testcase> <!-- @AfterMethod goToMainPage -->
  <testcase classname="com.TestNG.VerifyBecomeSeller" name="@AfterClass closePomObjects" time="-1.676839250548E9">
    <skipped/>
  </testcase> <!-- @AfterClass closePomObjects -->
  <testcase classname="com.TestNG.VerifyBecomeSeller" name="@AfterTest closerowser" time="-1.67683925055E9">
    <skipped/>
  </testcase> <!-- @AfterTest closerowser -->
  <testcase classname="com.TestNG.VerifyBecomeSeller" name="VerifyStartSelling" time="0.0">
    <skipped/>
  </testcase> <!-- VerifyStartSelling -->
  <testcase classname="com.TestNG.VerifyBecomeSeller" name="VerifyLoginBecomeSeller" time="0.0">
    <skipped/>
  </testcase> <!-- VerifyLoginBecomeSeller -->
  <testcase classname="com.TestNG.VerifyBecomeSeller" name="VerifyTextBecomeSeller" time="0.0">
    <skipped/>
  </testcase> <!-- VerifyTextBecomeSeller -->
</testsuite> <!-- Default test -->
