<?xml version="1.0" encoding="UTF-8"?>
<!-- Generated by org.testng.reporters.JUnitXMLReporter -->
<testsuite ignored="0" hostname="DESKTOP-AL4SBLA" failures="0" tests="6" name="chrome" time="147.78" errors="0" timestamp="2023-02-11T00:57:22 IST">
  <testcase classname="com.TestNG.VerifyBecomeSeller" name="@BeforeMethod launchWebsite" time="0.023">
    <failure type="org.openqa.selenium.NoSuchWindowException" message="no such window: target window already closed
from unknown error: web view not found
  (Session info: chrome=109.0.5414.121)
Build info: version: &amp;apos;3.141.59&amp;apos;, revision: &amp;apos;e82be7d358&amp;apos;, time: &amp;apos;2018-11-14T08:17:03&amp;apos;
System info: host: &amp;apos;DESKTOP-AL4SBLA&amp;apos;, ip: &amp;apos;192.168.43.133&amp;apos;, os.name: &amp;apos;Windows 10&amp;apos;, os.arch: &amp;apos;amd64&amp;apos;, os.version: &amp;apos;10.0&amp;apos;, java.version: &amp;apos;18.0.2.1&amp;apos;
Driver info: org.openqa.selenium.chrome.ChromeDriver
Capabilities {acceptInsecureCerts: false, browserName: chrome, browserVersion: 109.0.5414.121, chrome: {chromedriverVersion: 108.0.5359.71 (1e0e3868ee06..., userDataDir: C:\Users\CZONE~1\AppData\Lo...}, goog:chromeOptions: {debuggerAddress: localhost:61929}, javascriptEnabled: true, networkConnectionEnabled: false, pageLoadStrategy: normal, platform: WINDOWS, platformName: WINDOWS, proxy: Proxy(), setWindowRect: true, strictFileInteractability: false, timeouts: {implicit: 0, pageLoad: 300000, script: 30000}, unhandledPromptBehavior: dismiss and notify, webauthn:extension:credBlob: true, webauthn:extension:largeBlob: true, webauthn:virtualAuthenticators: true}
Session ID: 4e568b872a8c04c4f1e658f839d6dd0d">
      <![CDATA[org.openqa.selenium.NoSuchWindowException: no such window: target window already closed
from unknown error: web view not found
  (Session info: chrome=109.0.5414.121)
Build info: version: '3.141.59', revision: 'e82be7d358', time: '2018-11-14T08:17:03'
System info: host: 'DESKTOP-AL4SBLA', ip: '192.168.43.133', os.name: 'Windows 10', os.arch: 'amd64', os.version: '10.0', java.version: '18.0.2.1'
Driver info: org.openqa.selenium.chrome.ChromeDriver
Capabilities {acceptInsecureCerts: false, browserName: chrome, browserVersion: 109.0.5414.121, chrome: {chromedriverVersion: 108.0.5359.71 (1e0e3868ee06..., userDataDir: C:\Users\CZONE~1\AppData\Lo...}, goog:chromeOptions: {debuggerAddress: localhost:61929}, javascriptEnabled: true, networkConnectionEnabled: false, pageLoadStrategy: normal, platform: WINDOWS, platformName: WINDOWS, proxy: Proxy(), setWindowRect: true, strictFileInteractability: false, timeouts: {implicit: 0, pageLoad: 300000, script: 30000}, unhandledPromptBehavior: dismiss and notify, webauthn:extension:credBlob: true, webauthn:extension:largeBlob: true, webauthn:virtualAuthenticators: true}
Session ID: 4e568b872a8c04c4f1e658f839d6dd0d
at org.openqa.selenium.remote.http.W3CHttpResponseCodec.createException(W3CHttpResponseCodec.java:187)
at org.openqa.selenium.remote.http.W3CHttpResponseCodec.decode(W3CHttpResponseCodec.java:122)
at org.openqa.selenium.remote.http.W3CHttpResponseCodec.decode(W3CHttpResponseCodec.java:49)
at org.openqa.selenium.remote.HttpCommandExecutor.execute(HttpCommandExecutor.java:158)
at org.openqa.selenium.remote.service.DriverCommandExecutor.execute(DriverCommandExecutor.java:83)
at org.openqa.selenium.remote.RemoteWebDriver.execute(RemoteWebDriver.java:552)
at org.openqa.selenium.remote.RemoteWebDriver.get(RemoteWebDriver.java:277)
at com.TestNG.VerifyBecomeSeller.launchWebsite(VerifyBecomeSeller.java:58)
at java.base/java.util.ArrayList.forEach(ArrayList.java:1511)
... Removed 32 stack frames]]>
    </failure>
  </testcase> <!-- @BeforeMethod launchWebsite -->
  <testcase classname="com.TestNG.VerifyBecomeSeller" name="@AfterMethod goToMainPage" time="-1.67605724202E9">
    <skipped/>
  </testcase> <!-- @AfterMethod goToMainPage -->
  <testcase classname="com.TestNG.VerifyBecomeSeller" name="@BeforeMethod launchWebsite" time="-1.676057242026E9">
    <skipped/>
  </testcase> <!-- @BeforeMethod launchWebsite -->
  <testcase classname="com.TestNG.VerifyBecomeSeller" name="@AfterMethod goToMainPage" time="-1.67605724204E9">
    <skipped/>
  </testcase> <!-- @AfterMethod goToMainPage -->
  <testcase classname="com.TestNG.VerifyBecomeSeller" name="@BeforeMethod launchWebsite" time="-1.676057242053E9">
    <skipped/>
  </testcase> <!-- @BeforeMethod launchWebsite -->
  <testcase classname="com.TestNG.VerifyBecomeSeller" name="@AfterMethod goToMainPage" time="-1.676057242073E9">
    <skipped/>
  </testcase> <!-- @AfterMethod goToMainPage -->
  <testcase classname="com.TestNG.VerifyBecomeSeller" name="@AfterClass closePomObjects" time="-1.676057242088E9">
    <skipped/>
  </testcase> <!-- @AfterClass closePomObjects -->
  <testcase classname="com.TestNG.VerifyBecomeSeller" name="@AfterTest closerowser" time="-1.676057242091E9">
    <skipped/>
  </testcase> <!-- @AfterTest closerowser -->
  <testcase classname="com.TestNG.verifySignUpPage" name="@AfterTest closerowser" time="-1.6760572421E9">
    <skipped/>
  </testcase> <!-- @AfterTest closerowser -->
  <testcase classname="com.TestNG.verifySignUpPage" name="verifySignUpForm" time="2.029"/>
  <testcase classname="com.TestNG.verifySignUpPage" name="VerifyLooksLikeText" time="4.065"/>
  <testcase classname="com.TestNG.verifySignUpPage" name="VerifySignUpText" time="3.891"/>
  <testcase classname="com.TestNG.VerifyBecomeSeller" name="VerifyStartSelling" time="0.0">
    <skipped/>
  </testcase> <!-- VerifyStartSelling -->
  <testcase classname="com.TestNG.VerifyBecomeSeller" name="VerifyLoginBecomeSeller" time="0.0">
    <skipped/>
  </testcase> <!-- VerifyLoginBecomeSeller -->
  <testcase classname="com.TestNG.VerifyBecomeSeller" name="VerifyTextBecomeSeller" time="0.0">
    <skipped/>
  </testcase> <!-- VerifyTextBecomeSeller -->
</testsuite> <!-- chrome -->
