<?xml version="1.0" encoding="UTF-8"?>
<!-- Generated by org.testng.reporters.JUnitXMLReporter -->
<testsuite ignored="0" hostname="DESKTOP-AL4SBLA" failures="0" tests="3" name="ChromeTest" time="13.672" errors="0" timestamp="2023-02-27T01:05:13 IST">
  <testcase classname="com.TestNG.VerifyBecomeSeller" name="@BeforeMethod launchWebsite" time="5.477">
    <failure type="org.openqa.selenium.WebDriverException" message="java.net.ConnectException: Failed to connect to localhost/[0:0:0:0:0:0:0:1]:13374
Build info: version: &amp;apos;3.141.59&amp;apos;, revision: &amp;apos;e82be7d358&amp;apos;, time: &amp;apos;2018-11-14T08:17:03&amp;apos;
System info: host: &amp;apos;DESKTOP-AL4SBLA&amp;apos;, ip: &amp;apos;192.168.53.133&amp;apos;, os.name: &amp;apos;Windows 10&amp;apos;, os.arch: &amp;apos;amd64&amp;apos;, os.version: &amp;apos;10.0&amp;apos;, java.version: &amp;apos;18.0.2.1&amp;apos;
Driver info: driver.version: RemoteWebDriver">
      <![CDATA[org.openqa.selenium.WebDriverException: java.net.ConnectException: Failed to connect to localhost/[0:0:0:0:0:0:0:1]:13374
Build info: version: '3.141.59', revision: 'e82be7d358', time: '2018-11-14T08:17:03'
System info: host: 'DESKTOP-AL4SBLA', ip: '192.168.53.133', os.name: 'Windows 10', os.arch: 'amd64', os.version: '10.0', java.version: '18.0.2.1'
Driver info: driver.version: RemoteWebDriver
at org.openqa.selenium.remote.service.DriverCommandExecutor.execute(DriverCommandExecutor.java:92)
at org.openqa.selenium.remote.RemoteWebDriver.execute(RemoteWebDriver.java:552)
at org.openqa.selenium.remote.RemoteWebDriver.get(RemoteWebDriver.java:277)
at com.TestNG.VerifyBecomeSeller.launchWebsite(VerifyBecomeSeller.java:70)
at java.base/java.util.concurrent.ThreadPoolExecutor.runWorker(ThreadPoolExecutor.java:1136)
at java.base/java.util.concurrent.ThreadPoolExecutor$Worker.run(ThreadPoolExecutor.java:635)
at java.base/java.lang.Thread.run(Thread.java:833)
Caused by: java.net.ConnectException: Failed to connect to localhost/[0:0:0:0:0:0:0:1]:13374
at okhttp3.internal.connection.RealConnection.connectSocket(RealConnection.java:247)
at okhttp3.internal.connection.RealConnection.connect(RealConnection.java:165)
at okhttp3.internal.connection.StreamAllocation.findConnection(StreamAllocation.java:257)
at okhttp3.internal.connection.StreamAllocation.findHealthyConnection(StreamAllocation.java:135)
at okhttp3.internal.connection.StreamAllocation.newStream(StreamAllocation.java:114)
at okhttp3.internal.connection.ConnectInterceptor.intercept(ConnectInterceptor.java:42)
at okhttp3.internal.http.RealInterceptorChain.proceed(RealInterceptorChain.java:147)
at okhttp3.internal.http.RealInterceptorChain.proceed(RealInterceptorChain.java:121)
at okhttp3.internal.cache.CacheInterceptor.intercept(CacheInterceptor.java:93)
at okhttp3.internal.http.RealInterceptorChain.proceed(RealInterceptorChain.java:147)
at okhttp3.internal.http.RealInterceptorChain.proceed(RealInterceptorChain.java:121)
at okhttp3.internal.http.BridgeInterceptor.intercept(BridgeInterceptor.java:93)
at okhttp3.internal.http.RealInterceptorChain.proceed(RealInterceptorChain.java:147)
at okhttp3.internal.http.RetryAndFollowUpInterceptor.intercept(RetryAndFollowUpInterceptor.java:126)
at okhttp3.internal.http.RealInterceptorChain.proceed(RealInterceptorChain.java:147)
at okhttp3.internal.http.RealInterceptorChain.proceed(RealInterceptorChain.java:121)
at okhttp3.RealCall.getResponseWithInterceptorChain(RealCall.java:200)
at okhttp3.RealCall.execute(RealCall.java:77)
at org.openqa.selenium.remote.internal.OkHttpClient.execute(OkHttpClient.java:103)
at org.openqa.selenium.remote.HttpCommandExecutor.execute(HttpCommandExecutor.java:155)
at org.openqa.selenium.remote.service.DriverCommandExecutor.execute(DriverCommandExecutor.java:83)
... 20 more
Caused by: java.net.ConnectException: Connection refused: no further information
at java.base/sun.nio.ch.Net.pollConnect(Native Method)
at java.base/sun.nio.ch.Net.pollConnectNow(Net.java:672)
at java.base/sun.nio.ch.NioSocketImpl.timedFinishConnect(NioSocketImpl.java:539)
at java.base/sun.nio.ch.NioSocketImpl.connect(NioSocketImpl.java:594)
at java.base/java.net.SocksSocketImpl.connect(SocksSocketImpl.java:327)
at java.base/java.net.Socket.connect(Socket.java:633)
at okhttp3.internal.platform.Platform.connectSocket(Platform.java:129)
at okhttp3.internal.connection.RealConnection.connectSocket(RealConnection.java:245)
... 40 more
... Removed 14 stack frames]]>
    </failure>
  </testcase> <!-- @BeforeMethod launchWebsite -->
  <testcase classname="com.TestNG.VerifyBecomeSeller" name="@AfterMethod goToMainPage" time="-1.67744011308E9">
    <skipped/>
  </testcase> <!-- @AfterMethod goToMainPage -->
  <testcase classname="com.TestNG.VerifyBecomeSeller" name="@BeforeMethod launchWebsite" time="-1.677440113084E9">
    <skipped/>
  </testcase> <!-- @BeforeMethod launchWebsite -->
  <testcase classname="com.TestNG.VerifyBecomeSeller" name="@AfterMethod goToMainPage" time="-1.677440113098E9">
    <skipped/>
  </testcase> <!-- @AfterMethod goToMainPage -->
  <testcase classname="com.TestNG.VerifyBecomeSeller" name="@BeforeMethod launchWebsite" time="-1.677440113104E9">
    <skipped/>
  </testcase> <!-- @BeforeMethod launchWebsite -->
  <testcase classname="com.TestNG.VerifyBecomeSeller" name="@AfterMethod goToMainPage" time="-1.677440113125E9">
    <skipped/>
  </testcase> <!-- @AfterMethod goToMainPage -->
  <testcase classname="com.TestNG.VerifyBecomeSeller" name="@AfterClass closePomObjects" time="-1.677440113129E9">
    <skipped/>
  </testcase> <!-- @AfterClass closePomObjects -->
  <testcase classname="com.TestNG.VerifyBecomeSeller" name="@AfterTest closerowser" time="-1.677440113159E9">
    <skipped/>
  </testcase> <!-- @AfterTest closerowser -->
  <testcase classname="com.TestNG.VerifyBecomeSeller" name="VerifyStartSelling" time="0.0">
    <skipped/>
  </testcase> <!-- VerifyStartSelling -->
  <testcase classname="com.TestNG.VerifyBecomeSeller" name="VerifyLoginBecomeSeller" time="0.0">
    <skipped/>
  </testcase> <!-- VerifyLoginBecomeSeller -->
  <testcase classname="com.TestNG.VerifyBecomeSeller" name="VerifyTextBecomeSeller" time="0.0">
    <skipped/>
  </testcase> <!-- VerifyTextBecomeSeller -->
</testsuite> <!-- ChromeTest -->
