<?xml version="1.0" encoding="UTF-8"?>
<!-- Generated by org.testng.reporters.JUnitXMLReporter -->
<testsuite ignored="0" hostname="DESKTOP-AL4SBLA" failures="0" tests="6" name="firefox" time="0.43" errors="0" timestamp="2023-02-11T00:57:22 IST">
  <testcase classname="com.TestNG.VerifyBecomeSeller" name="@BeforeTest launchBrowser" time="0.098">
    <failure type="java.lang.IllegalStateException" message="The path to the driver executable must be set by the webdriver.gecko.driver system property; for more information, see https://github.com/mozilla/geckodriver. The latest version can be downloaded from https://github.com/mozilla/geckodriver/releases">
      <![CDATA[java.lang.IllegalStateException: The path to the driver executable must be set by the webdriver.gecko.driver system property; for more information, see https://github.com/mozilla/geckodriver. The latest version can be downloaded from https://github.com/mozilla/geckodriver/releases
at com.google.common.base.Preconditions.checkState(Preconditions.java:847)
at org.openqa.selenium.remote.service.DriverService.findExecutable(DriverService.java:134)
at org.openqa.selenium.firefox.GeckoDriverService.access$100(GeckoDriverService.java:44)
at org.openqa.selenium.firefox.GeckoDriverService$Builder.findDefaultExecutable(GeckoDriverService.java:167)
at org.openqa.selenium.remote.service.DriverService$Builder.build(DriverService.java:355)
at org.openqa.selenium.firefox.FirefoxDriver.toExecutor(FirefoxDriver.java:190)
at org.openqa.selenium.firefox.FirefoxDriver.<init>(FirefoxDriver.java:147)
at org.openqa.selenium.firefox.FirefoxDriver.<init>(FirefoxDriver.java:125)
at com.TestNG.VerifyBecomeSeller.launchBrowser(VerifyBecomeSeller.java:35)
... Removed 22 stack frames]]>
    </failure>
  </testcase> <!-- @BeforeTest launchBrowser -->
  <testcase classname="com.TestNG.verifySignUpPage" name="@BeforeTest launchBrowser" time="-1.676057242345E9">
    <skipped/>
  </testcase> <!-- @BeforeTest launchBrowser -->
  <testcase classname="com.TestNG.verifySignUpPage" name="@BeforeClass initializePomClasses" time="-1.676057242358E9">
    <skipped/>
  </testcase> <!-- @BeforeClass initializePomClasses -->
  <testcase classname="com.TestNG.verifySignUpPage" name="@BeforeMethod launchWebsite" time="-1.676057242369E9">
    <skipped/>
  </testcase> <!-- @BeforeMethod launchWebsite -->
  <testcase classname="com.TestNG.verifySignUpPage" name="@AfterMethod goToMainPage" time="-1.676057242376E9">
    <skipped/>
  </testcase> <!-- @AfterMethod goToMainPage -->
  <testcase classname="com.TestNG.verifySignUpPage" name="@BeforeMethod launchWebsite" time="-1.676057242386E9">
    <skipped/>
  </testcase> <!-- @BeforeMethod launchWebsite -->
  <testcase classname="com.TestNG.verifySignUpPage" name="@AfterMethod goToMainPage" time="-1.676057242393E9">
    <skipped/>
  </testcase> <!-- @AfterMethod goToMainPage -->
  <testcase classname="com.TestNG.verifySignUpPage" name="@BeforeMethod launchWebsite" time="-1.676057242401E9">
    <skipped/>
  </testcase> <!-- @BeforeMethod launchWebsite -->
  <testcase classname="com.TestNG.verifySignUpPage" name="@AfterMethod goToMainPage" time="-1.676057242407E9">
    <skipped/>
  </testcase> <!-- @AfterMethod goToMainPage -->
  <testcase classname="com.TestNG.verifySignUpPage" name="@AfterClass closePomObjects" time="-1.676057242425E9">
    <skipped/>
  </testcase> <!-- @AfterClass closePomObjects -->
  <testcase classname="com.TestNG.VerifyBecomeSeller" name="@BeforeClass initializePomClasses" time="-1.676057242428E9">
    <skipped/>
  </testcase> <!-- @BeforeClass initializePomClasses -->
  <testcase classname="com.TestNG.VerifyBecomeSeller" name="@BeforeMethod launchWebsite" time="-1.676057242445E9">
    <skipped/>
  </testcase> <!-- @BeforeMethod launchWebsite -->
  <testcase classname="com.TestNG.VerifyBecomeSeller" name="@AfterMethod goToMainPage" time="-1.676057242541E9">
    <skipped/>
  </testcase> <!-- @AfterMethod goToMainPage -->
  <testcase classname="com.TestNG.VerifyBecomeSeller" name="@BeforeMethod launchWebsite" time="-1.676057242548E9">
    <skipped/>
  </testcase> <!-- @BeforeMethod launchWebsite -->
  <testcase classname="com.TestNG.VerifyBecomeSeller" name="@AfterMethod goToMainPage" time="-1.67605724256E9">
    <skipped/>
  </testcase> <!-- @AfterMethod goToMainPage -->
  <testcase classname="com.TestNG.VerifyBecomeSeller" name="@BeforeMethod launchWebsite" time="-1.676057242564E9">
    <skipped/>
  </testcase> <!-- @BeforeMethod launchWebsite -->
  <testcase classname="com.TestNG.VerifyBecomeSeller" name="@AfterMethod goToMainPage" time="-1.676057242609E9">
    <skipped/>
  </testcase> <!-- @AfterMethod goToMainPage -->
  <testcase classname="com.TestNG.VerifyBecomeSeller" name="@AfterClass closePomObjects" time="-1.676057242617E9">
    <skipped/>
  </testcase> <!-- @AfterClass closePomObjects -->
  <testcase classname="com.TestNG.VerifyBecomeSeller" name="@AfterTest closerowser" time="-1.676057242625E9">
    <skipped/>
  </testcase> <!-- @AfterTest closerowser -->
  <testcase classname="com.TestNG.verifySignUpPage" name="@AfterTest closerowser" time="-1.676057242668E9">
    <skipped/>
  </testcase> <!-- @AfterTest closerowser -->
  <testcase classname="com.TestNG.verifySignUpPage" name="verifySignUpForm" time="0.0">
    <skipped/>
  </testcase> <!-- verifySignUpForm -->
  <testcase classname="com.TestNG.verifySignUpPage" name="VerifyLooksLikeText" time="0.0">
    <skipped/>
  </testcase> <!-- VerifyLooksLikeText -->
  <testcase classname="com.TestNG.verifySignUpPage" name="VerifySignUpText" time="0.0">
    <skipped/>
  </testcase> <!-- VerifySignUpText -->
  <testcase classname="com.TestNG.VerifyBecomeSeller" name="VerifyStartSelling" time="0.0">
    <skipped/>
  </testcase> <!-- VerifyStartSelling -->
  <testcase classname="com.TestNG.VerifyBecomeSeller" name="VerifyLoginBecomeSeller" time="0.001">
    <skipped/>
  </testcase> <!-- VerifyLoginBecomeSeller -->
  <testcase classname="com.TestNG.VerifyBecomeSeller" name="VerifyTextBecomeSeller" time="0.0">
    <skipped/>
  </testcase> <!-- VerifyTextBecomeSeller -->
</testsuite> <!-- firefox -->
